<?xml version="1.0" encoding="UTF-8"?>
<testng-results skipped="0" failed="0" ignored="0" total="2" passed="2">
  <reporter-output>
  </reporter-output>
  <suite name="SampleSuite2" duration-ms="56140" started-at="2021-09-17T09:20:11 IST" finished-at="2021-09-17T09:21:07 IST">
    <groups>
    </groups>
    <test name="SampleTest" duration-ms="26672" started-at="2021-09-17T09:20:11 IST" finished-at="2021-09-17T09:20:38 IST">
      <class name="com.picnic.maven.RecorderScript">
        <test-method status="PASS" signature="setup(java.lang.String)[pri:0, instance:com.picnic.maven.RecorderScript@119c745c]" name="setup" is-config="true" duration-ms="5418" started-at="2021-09-17T09:20:11 IST" finished-at="2021-09-17T09:20:16 IST">
          <params>
            <param index="0">
              <value>
                <![CDATA[Chrome]]>
              </value>
            </param>
          </params>
          <reporter-output>
          </reporter-output>
        </test-method> <!-- setup -->
        <test-method status="PASS" signature="testParameterWithXML()[pri:0, instance:com.picnic.maven.RecorderScript@119c745c]" name="testParameterWithXML" duration-ms="21172" started-at="2021-09-17T09:20:16 IST" finished-at="2021-09-17T09:20:38 IST">
          <reporter-output>
          </reporter-output>
        </test-method> <!-- testParameterWithXML -->
      </class> <!-- com.picnic.maven.RecorderScript -->
    </test> <!-- SampleTest -->
    <test name="Sample2Test" duration-ms="29414" started-at="2021-09-17T09:20:38 IST" finished-at="2021-09-17T09:21:07 IST">
      <class name="com.picnic.maven.RecorderScript">
        <test-method status="PASS" signature="setup(java.lang.String)[pri:0, instance:com.picnic.maven.RecorderScript@5527b211]" name="setup" is-config="true" duration-ms="6634" started-at="2021-09-17T09:20:38 IST" finished-at="2021-09-17T09:20:44 IST">
          <params>
            <param index="0">
              <value>
                <![CDATA[Firefox]]>
              </value>
            </param>
          </params>
          <reporter-output>
          </reporter-output>
        </test-method> <!-- setup -->
        <test-method status="PASS" signature="testParameterWithXML()[pri:0, instance:com.picnic.maven.RecorderScript@5527b211]" name="testParameterWithXML" duration-ms="22779" started-at="2021-09-17T09:20:44 IST" finished-at="2021-09-17T09:21:07 IST">
          <reporter-output>
          </reporter-output>
        </test-method> <!-- testParameterWithXML -->
      </class> <!-- com.picnic.maven.RecorderScript -->
    </test> <!-- Sample2Test -->
  </suite> <!-- SampleSuite2 -->
</testng-results>
