<?xml version="1.0" encoding="UTF-8"?>
<testng-results ignored="0" total="2" passed="2" failed="0" skipped="0">
  <reporter-output>
  </reporter-output>
  <suite started-at="2021-09-17T09:09:23 IST" name="SampleSuite2" finished-at="2021-09-17T09:10:31 IST" duration-ms="68310">
    <groups>
    </groups>
    <test started-at="2021-09-17T09:09:23 IST" name="SampleTest" finished-at="2021-09-17T09:09:55 IST" duration-ms="31880">
      <class name="com.picnic.maven.RecorderScript">
        <test-method is-config="true" signature="setup(java.lang.String)[pri:0, instance:com.picnic.maven.RecorderScript@58695725]" started-at="2021-09-17T09:09:23 IST" name="setup" finished-at="2021-09-17T09:09:30 IST" duration-ms="7461" status="PASS">
          <params>
            <param index="0">
              <value>
                <![CDATA[Chrome]]>
              </value>
            </param>
          </params>
          <reporter-output>
          </reporter-output>
        </test-method> <!-- setup -->
        <test-method signature="testParameterWithXML()[pri:0, instance:com.picnic.maven.RecorderScript@58695725]" started-at="2021-09-17T09:09:31 IST" name="testParameterWithXML" finished-at="2021-09-17T09:09:55 IST" duration-ms="24305" status="PASS">
          <reporter-output>
          </reporter-output>
        </test-method> <!-- testParameterWithXML -->
      </class> <!-- com.picnic.maven.RecorderScript -->
    </test> <!-- SampleTest -->
    <test started-at="2021-09-17T09:09:55 IST" name="Sample2Test" finished-at="2021-09-17T09:10:31 IST" duration-ms="36306">
      <class name="com.picnic.maven.RecorderScript">
        <test-method is-config="true" signature="setup(java.lang.String)[pri:0, instance:com.picnic.maven.RecorderScript@47e2e487]" started-at="2021-09-17T09:09:55 IST" name="setup" finished-at="2021-09-17T09:10:05 IST" duration-ms="10158" status="PASS">
          <params>
            <param index="0">
              <value>
                <![CDATA[Firefox]]>
              </value>
            </param>
          </params>
          <reporter-output>
          </reporter-output>
        </test-method> <!-- setup -->
        <test-method signature="testParameterWithXML()[pri:0, instance:com.picnic.maven.RecorderScript@47e2e487]" started-at="2021-09-17T09:10:05 IST" name="testParameterWithXML" finished-at="2021-09-17T09:10:31 IST" duration-ms="26137" status="PASS">
          <reporter-output>
          </reporter-output>
        </test-method> <!-- testParameterWithXML -->
      </class> <!-- com.picnic.maven.RecorderScript -->
    </test> <!-- Sample2Test -->
  </suite> <!-- SampleSuite2 -->
</testng-results>
